<?xml version="1.0" encoding="UTF-8"?>
<!-- Generated by org.testng.reporters.JUnitXMLReporter -->
<testsuite ignored="0" hostname="Preetams-MacBook-Air.local" failures="0" tests="3" name="Default test" time="4.378" errors="0" timestamp="2021-07-09T16:07:48 IST">
  <testcase classname="resAssuredPackage.DynamicJson" name="Book" time="3.532"/>
  <testcase classname="resAssuredPackage.DynamicJson" name="Book" time="0.373"/>
  <testcase classname="resAssuredPackage.DynamicJson" name="Book" time="0.402"/>
</testsuite> <!-- Default test -->
